<?xml version="1.0" encoding="UTF-8"?>
<!-- Generated by org.testng.reporters.JUnitReportReporter -->
<testsuite hostname="Harry" failures="0" tests="3" name="producttest.TeamATest" time="1.934" errors="0" timestamp="2025-07-31T11:04:28 IST" skipped="0">
  <testcase classname="producttest.TeamATest" name="VerifyPrd_1" time="0.712">
    <system-out>
      <![CDATA[Harry
Hari
 567889]]>
    </system-out>
  </testcase> <!-- VerifyPrd_1 -->
  <testcase classname="producttest.TeamATest" name="VerifyPrd_3" time="0.714"/>
  <testcase classname="producttest.TeamATest" name="VerifyPrd_2" time="0.508"/>
  <system-out>
    <![CDATA[Harry
Hari
 567889]]>
  </system-out>
</testsuite> <!-- producttest.TeamATest -->
