<?xml version="1.0" encoding="UTF-8"?>
<!-- Generated by org.testng.reporters.JUnitReportReporter -->
<testsuite hostname="Harry" failures="0" tests="1" name="producttest.TeamATest" time="1.135" errors="0" timestamp="2025-07-28T09:42:43 IST" skipped="0">
  <testcase classname="producttest.TeamATest" name="Harry" time="1.135">
    <system-out>
      <![CDATA[Harry
Harry
Hari
 567889]]>
    </system-out>
  </testcase> <!-- Harry -->
  <system-out>
    <![CDATA[Harry
Harry
Hari
 567889]]>
  </system-out>
</testsuite> <!-- producttest.TeamATest -->
